2026-02-20 22:21:15,486 - INFO - ======================================================================
2026-02-20 22:21:15,486 - INFO - NeuralFoundry YAML Runner
2026-02-20 22:21:15,486 - INFO - ======================================================================
2026-02-20 22:21:15,486 - INFO - 
Loading configuration...
2026-02-20 22:21:15,487 - INFO - Loaded configuration from configs/attachments_only.yaml
2026-02-20 22:21:15,487 - INFO - Initializing database...
2026-02-20 22:21:15,514 - INFO -   Creating extensions (vector, pgcrypto)...
2026-02-20 22:21:15,515 - INFO -   Creating tables from models...
2026-02-20 22:21:15,524 - INFO -   Creating regular indexes...
2026-02-20 22:21:15,532 - INFO -   Creating vector indexes...
2026-02-20 22:21:15,534 - INFO - Database initialized successfully
2026-02-20 22:21:15,534 - INFO - 
User setup:
2026-02-20 22:21:15,544 - INFO -   User 'demo_user' already exists (ID: 97d37951-aca1-4e04-acb7-5116e8a3b326)
2026-02-20 22:21:15,545 - INFO - 
Chat setup:
2026-02-20 22:21:15,550 - INFO -   Created chat 'Attachments Only' (ID: a64f13d0-ebd2-4334-8e7b-d5d5a6d6bfdc)
2026-02-20 22:21:15,550 - INFO - 
Processing 1 attachment(s)...
2026-02-20 22:21:19,202 - INFO -   Attachments processed
2026-02-20 22:21:19,202 - INFO - 
======================================================================
2026-02-20 22:21:19,203 - INFO - Session Summary
2026-02-20 22:21:19,203 - INFO - ======================================================================
2026-02-20 22:21:19,203 - INFO - User:        demo_user (97d37951-aca1-4e04-acb7-5116e8a3b326)
2026-02-20 22:21:19,203 - INFO - Chat:        Attachments Only (a64f13d0-ebd2-4334-8e7b-d5d5a6d6bfdc)
2026-02-20 22:21:19,203 - INFO - KBs:         0
2026-02-20 22:21:19,203 - INFO - Attachments: 1
2026-02-20 22:21:19,203 - INFO - Queries:     1
2026-02-20 22:21:19,203 - INFO - 
======================================================================
2026-02-20 22:21:19,203 - INFO - Processing Queries
2026-02-20 22:21:19,203 - INFO - ======================================================================
2026-02-20 22:21:19,203 - INFO - 
[1/1] Query: Summarize the attached document.
2026-02-20 22:21:27,360 - INFO - 
======================================================================
2026-02-20 22:21:27,360 - INFO - Execution completed successfully
2026-02-20 22:21:27,360 - INFO - ======================================================================
2026-02-20 22:23:01,023 - INFO - ======================================================================
2026-02-20 22:23:01,023 - INFO - NeuralFoundry YAML Runner
2026-02-20 22:23:01,024 - INFO - ======================================================================
2026-02-20 22:23:01,024 - INFO - 
Loading configuration...
2026-02-20 22:23:01,024 - INFO - Loaded configuration from configs/attachments_only.yaml
2026-02-20 22:23:01,024 - INFO - Initializing database...
2026-02-20 22:23:01,060 - INFO -   Creating extensions (vector, pgcrypto)...
2026-02-20 22:23:01,075 - INFO -   Creating tables from models...
2026-02-20 22:23:01,082 - INFO -   Creating regular indexes...
2026-02-20 22:23:01,088 - INFO -   Creating vector indexes...
2026-02-20 22:23:01,090 - INFO - Database initialized successfully
2026-02-20 22:23:01,090 - INFO - 
User setup:
2026-02-20 22:23:01,102 - INFO -   User 'demo_user' already exists (ID: 97d37951-aca1-4e04-acb7-5116e8a3b326)
2026-02-20 22:23:01,102 - INFO - 
Chat setup:
2026-02-20 22:23:01,106 - INFO -   Chat 'Attachments Only' already exists (ID: a64f13d0-ebd2-4334-8e7b-d5d5a6d6bfdc)
2026-02-20 22:23:01,106 - INFO - 
Processing 1 attachment(s)...
2026-02-20 22:23:01,109 - INFO -   Skipping attachment 'technical_docs.txt' (already chunked)
2026-02-20 22:23:01,109 - INFO -   Attachments processed
2026-02-20 22:23:01,109 - INFO - 
======================================================================
2026-02-20 22:23:01,109 - INFO - Session Summary
2026-02-20 22:23:01,109 - INFO - ======================================================================
2026-02-20 22:23:01,109 - INFO - User:        demo_user (97d37951-aca1-4e04-acb7-5116e8a3b326)
2026-02-20 22:23:01,109 - INFO - Chat:        Attachments Only (a64f13d0-ebd2-4334-8e7b-d5d5a6d6bfdc)
2026-02-20 22:23:01,109 - INFO - KBs:         0
2026-02-20 22:23:01,109 - INFO - Attachments: 1
2026-02-20 22:23:01,109 - INFO - Queries:     1
2026-02-20 22:23:01,109 - INFO - 
======================================================================
2026-02-20 22:23:01,109 - INFO - Processing Queries
2026-02-20 22:23:01,109 - INFO - ======================================================================
2026-02-20 22:23:01,109 - INFO - 
[1/1] Query: Summarize the attached document in a nice way
2026-02-20 22:23:06,918 - INFO - 
======================================================================
2026-02-20 22:23:06,918 - INFO - Execution completed successfully
2026-02-20 22:23:06,918 - INFO - ======================================================================
