2026-02-19 20:55:39,917 - INFO - ======================================================================
2026-02-19 20:55:39,918 - INFO - NeuralFoundry YAML Runner
2026-02-19 20:55:39,918 - INFO - ======================================================================
2026-02-19 20:55:39,918 - INFO - 
Loading configuration...
2026-02-19 20:55:39,919 - INFO - Loaded configuration from configs/with_attachments.yaml
2026-02-19 20:55:39,919 - INFO - Initializing database...
2026-02-19 20:55:39,933 - INFO -   Creating extensions (vector, pgcrypto)...
2026-02-19 20:55:39,934 - INFO -   Creating tables from models...
2026-02-19 20:55:39,937 - INFO -   Creating regular indexes...
2026-02-19 20:55:39,939 - INFO -   Creating vector indexes...
2026-02-19 20:55:39,940 - INFO - Database initialized successfully
2026-02-19 20:55:39,940 - INFO - 
User setup:
2026-02-19 20:55:39,949 - INFO -   User 'demo_user' already exists (ID: 95ea5cfa-df58-4e66-ba26-1aff11e06c3f)
2026-02-19 20:55:39,949 - INFO - 
Chat setup:
2026-02-19 20:55:39,950 - INFO -   Chat 'With Attachments' already exists (ID: c512e581-d8aa-4d16-9a7d-9d4d2413e68d)
2026-02-19 20:55:39,951 - INFO - 
Knowledge bases:
2026-02-19 20:55:39,951 - INFO -   [1/1] Processing 'Sample KB'...
2026-02-19 20:55:39,952 - INFO -     KB 'Sample KB' already exists (ID: 5ad807b5-af8f-429a-9a96-fbb014a142ba)
2026-02-19 20:55:39,952 - INFO -     Ingesting 1 file(s)...
2026-02-19 20:55:39,955 - INFO -     [skipped] Document 'dataset.txt' already exists in KB.
2026-02-19 20:55:39,955 - INFO -     Files ingested successfully
2026-02-19 20:55:39,955 - INFO - 
Attaching 1 KB(s) to chat...
2026-02-19 20:55:39,956 - INFO -   All KBs attached
2026-02-19 20:55:39,956 - INFO - 
Processing 2 attachment(s)...
2026-02-19 20:55:39,958 - INFO -   Skipping attachment 'technical_docs.txt' (already chunked)
2026-02-19 20:55:39,959 - INFO -   Skipping attachment 'banking_guide.txt' (already chunked)
2026-02-19 20:55:39,959 - INFO -   Attachments processed
2026-02-19 20:55:39,959 - INFO - 
======================================================================
2026-02-19 20:55:39,959 - INFO - Session Summary
2026-02-19 20:55:39,959 - INFO - ======================================================================
2026-02-19 20:55:39,959 - INFO - User:        demo_user (95ea5cfa-df58-4e66-ba26-1aff11e06c3f)
2026-02-19 20:55:39,959 - INFO - Chat:        With Attachments (c512e581-d8aa-4d16-9a7d-9d4d2413e68d)
2026-02-19 20:55:39,959 - INFO - KBs:         1
2026-02-19 20:55:39,959 - INFO - Attachments: 2
2026-02-19 20:55:39,959 - INFO - Queries:     1
2026-02-19 20:55:39,960 - INFO - 
======================================================================
2026-02-19 20:55:39,960 - INFO - Processing Queries
2026-02-19 20:55:39,960 - INFO - ======================================================================
2026-02-19 20:55:39,960 - INFO - 
[1/1] Query: Explain fixed deposit and its benefits
2026-02-19 20:55:51,896 - INFO - 
======================================================================
2026-02-19 20:55:51,897 - INFO - Execution completed successfully
2026-02-19 20:55:51,897 - INFO - ======================================================================
2026-02-19 21:17:56,415 - INFO - ======================================================================
2026-02-19 21:17:56,416 - INFO - NeuralFoundry YAML Runner
2026-02-19 21:17:56,416 - INFO - ======================================================================
2026-02-19 21:17:56,416 - INFO - 
Loading configuration...
2026-02-19 21:17:56,418 - INFO - Loaded configuration from configs/with_attachments.yaml
2026-02-19 21:17:56,418 - INFO - Initializing database...
2026-02-19 21:17:56,432 - INFO -   Creating extensions (vector, pgcrypto)...
2026-02-19 21:17:56,442 - INFO -   Creating tables from models...
2026-02-19 21:17:56,468 - INFO -   Creating regular indexes...
2026-02-19 21:17:56,475 - INFO -   Creating vector indexes...
2026-02-19 21:17:56,501 - INFO - Database initialized successfully
2026-02-19 21:17:56,501 - INFO - 
User setup:
2026-02-19 21:17:56,514 - INFO -   Created user 'demo_user' (ID: 97d37951-aca1-4e04-acb7-5116e8a3b326)
2026-02-19 21:17:56,515 - INFO - 
Chat setup:
2026-02-19 21:17:56,518 - INFO -   Created chat 'With Attachments' (ID: 5285a08f-b735-411f-8f18-509eff9284e8)
2026-02-19 21:17:56,518 - INFO - 
Knowledge bases:
2026-02-19 21:17:56,518 - INFO -   [1/1] Processing 'Sample KB'...
2026-02-19 21:17:56,521 - INFO -     Created KB 'Sample KB' (ID: 0ec56be2-ec68-4fc5-b736-0d848b42b62e)
2026-02-19 21:17:56,521 - INFO -     Ingesting 1 file(s)...
2026-02-19 21:17:57,746 - INFO -     [ingested] Document 'dataset.txt' processed successfully.
2026-02-19 21:17:57,746 - INFO -     Files ingested successfully
2026-02-19 21:17:57,746 - INFO - 
Attaching 1 KB(s) to chat...
2026-02-19 21:17:57,748 - INFO -   All KBs attached
2026-02-19 21:17:57,749 - INFO - 
Processing 2 attachment(s)...
2026-02-19 21:17:58,598 - INFO -   Attachments processed
2026-02-19 21:17:58,598 - INFO - 
======================================================================
2026-02-19 21:17:58,598 - INFO - Session Summary
2026-02-19 21:17:58,598 - INFO - ======================================================================
2026-02-19 21:17:58,598 - INFO - User:        demo_user (97d37951-aca1-4e04-acb7-5116e8a3b326)
2026-02-19 21:17:58,598 - INFO - Chat:        With Attachments (5285a08f-b735-411f-8f18-509eff9284e8)
2026-02-19 21:17:58,598 - INFO - KBs:         1
2026-02-19 21:17:58,598 - INFO - Attachments: 2
2026-02-19 21:17:58,599 - INFO - Queries:     1
2026-02-19 21:17:58,600 - INFO - 
======================================================================
2026-02-19 21:17:58,600 - INFO - Processing Queries
2026-02-19 21:17:58,600 - INFO - ======================================================================
2026-02-19 21:17:58,600 - INFO - 
[1/1] Query: explain banking process
2026-02-19 21:18:06,563 - INFO - 
======================================================================
2026-02-19 21:18:06,563 - INFO - Execution completed successfully
2026-02-19 21:18:06,563 - INFO - ======================================================================
